This file contains any messages produced by compilers while
running configure, to aid debugging if configure makes a mistake.

It was created by FULL-PACKAGE-NAME configure VERSION, which was
generated by GNU Autoconf 2.69.  Invocation command line was

  $ ./configure CC=/usr/bin/gcc CXX=/usr/bin/g++ CFLAGS=-g3 -gdwarf-2 CXXFLAGS=-g3 -gdwarf-2

## --------- ##
## Platform. ##
## --------- ##

hostname = Maciej
uname -m = x86_64
uname -r = 3.13.8-1-ARCH
uname -s = Linux
uname -v = #1 SMP PREEMPT Tue Apr 1 12:19:51 CEST 2014

/usr/bin/uname -p = unknown
/bin/uname -X     = unknown

/bin/arch              = unknown
/usr/bin/arch -k       = unknown
/usr/convex/getsysinfo = unknown
/usr/bin/hostinfo      = unknown
/bin/machine           = unknown
/usr/bin/oslevel       = unknown
/bin/universe          = unknown

PATH: /usr/bin
PATH: /usr/local/sbin
PATH: /usr/local/bin
PATH: /usr/bin
PATH: /usr/bin/vendor_perl
PATH: /usr/bin/core_perl


## ----------- ##
## Core tests. ##
## ----------- ##

configure:2308: checking for C++ compiler version
configure:2317: /usr/bin/g++ --version >&5
g++ (GCC) 4.8.2 20131219 (prerelease)
Copyright (C) 2013 Free Software Foundation, Inc.
This is free software; see the source for copying conditions.  There is NO
warranty; not even for MERCHANTABILITY or FITNESS FOR A PARTICULAR PURPOSE.

configure:2328: $? = 0
configure:2317: /usr/bin/g++ -v >&5
Using built-in specs.
COLLECT_GCC=/usr/bin/g++
COLLECT_LTO_WRAPPER=/usr/lib/gcc/x86_64-unknown-linux-gnu/4.8.2/lto-wrapper
Target: x86_64-unknown-linux-gnu
Configured with: /build/gcc/src/gcc-4.8-20131219/configure --prefix=/usr --libdir=/usr/lib --libexecdir=/usr/lib --mandir=/usr/share/man --infodir=/usr/share/info --with-bugurl=https://bugs.archlinux.org/ --enable-languages=c,c++,ada,fortran,go,lto,objc,obj-c++ --enable-shared --enable-threads=posix --with-system-zlib --enable-__cxa_atexit --disable-libunwind-exceptions --enable-clocale=gnu --disable-libstdcxx-pch --disable-libssp --enable-gnu-unique-object --enable-linker-build-id --enable-cloog-backend=isl --disable-cloog-version-check --enable-lto --enable-plugin --enable-install-libiberty --with-linker-hash-style=gnu --disable-multilib --disable-werror --enable-checking=release
Thread model: posix
gcc version 4.8.2 20131219 (prerelease) (GCC) 
configure:2328: $? = 0
configure:2317: /usr/bin/g++ -V >&5
g++: error: unrecognized command line option '-V'
g++: fatal error: no input files
compilation terminated.
configure:2328: $? = 1
configure:2317: /usr/bin/g++ -qversion >&5
g++: error: unrecognized command line option '-qversion'
g++: fatal error: no input files
compilation terminated.
configure:2328: $? = 1
configure:2348: checking whether the C++ compiler works
configure:2370: /usr/bin/g++ -g3 -gdwarf-2   conftest.cpp  >&5
configure:2374: $? = 0
configure:2422: result: yes
configure:2425: checking for C++ compiler default output file name
configure:2427: result: a.out
configure:2433: checking for suffix of executables
configure:2440: /usr/bin/g++ -o conftest -g3 -gdwarf-2   conftest.cpp  >&5
configure:2444: $? = 0
configure:2466: result: 
configure:2488: checking whether we are cross compiling
configure:2496: /usr/bin/g++ -o conftest -g3 -gdwarf-2   conftest.cpp  >&5
configure:2500: $? = 0
configure:2507: ./conftest
configure:2511: $? = 0
configure:2526: result: no
configure:2531: checking for suffix of object files
configure:2553: /usr/bin/g++ -c -g3 -gdwarf-2  conftest.cpp >&5
configure:2557: $? = 0
configure:2578: result: o
configure:2582: checking whether we are using the GNU C++ compiler
configure:2601: /usr/bin/g++ -c -g3 -gdwarf-2  conftest.cpp >&5
configure:2601: $? = 0
configure:2610: result: yes
configure:2619: checking whether /usr/bin/g++ accepts -g
configure:2639: /usr/bin/g++ -c -g  conftest.cpp >&5
configure:2639: $? = 0
configure:2680: result: yes
configure:2751: checking for gcc
configure:2778: result: /usr/bin/gcc
configure:3007: checking for C compiler version
configure:3016: /usr/bin/gcc --version >&5
gcc (GCC) 4.8.2 20131219 (prerelease)
Copyright (C) 2013 Free Software Foundation, Inc.
This is free software; see the source for copying conditions.  There is NO
warranty; not even for MERCHANTABILITY or FITNESS FOR A PARTICULAR PURPOSE.

configure:3027: $? = 0
configure:3016: /usr/bin/gcc -v >&5
Using built-in specs.
COLLECT_GCC=/usr/bin/gcc
COLLECT_LTO_WRAPPER=/usr/lib/gcc/x86_64-unknown-linux-gnu/4.8.2/lto-wrapper
Target: x86_64-unknown-linux-gnu
Configured with: /build/gcc/src/gcc-4.8-20131219/configure --prefix=/usr --libdir=/usr/lib --libexecdir=/usr/lib --mandir=/usr/share/man --infodir=/usr/share/info --with-bugurl=https://bugs.archlinux.org/ --enable-languages=c,c++,ada,fortran,go,lto,objc,obj-c++ --enable-shared --enable-threads=posix --with-system-zlib --enable-__cxa_atexit --disable-libunwind-exceptions --enable-clocale=gnu --disable-libstdcxx-pch --disable-libssp --enable-gnu-unique-object --enable-linker-build-id --enable-cloog-backend=isl --disable-cloog-version-check --enable-lto --enable-plugin --enable-install-libiberty --with-linker-hash-style=gnu --disable-multilib --disable-werror --enable-checking=release
Thread model: posix
gcc version 4.8.2 20131219 (prerelease) (GCC) 
configure:3027: $? = 0
configure:3016: /usr/bin/gcc -V >&5
gcc: error: unrecognized command line option '-V'
gcc: fatal error: no input files
compilation terminated.
configure:3027: $? = 1
configure:3016: /usr/bin/gcc -qversion >&5
gcc: error: unrecognized command line option '-qversion'
gcc: fatal error: no input files
compilation terminated.
configure:3027: $? = 1
configure:3031: checking whether we are using the GNU C compiler
configure:3050: /usr/bin/gcc -c -g3 -gdwarf-2  conftest.c >&5
configure:3050: $? = 0
configure:3059: result: yes
configure:3068: checking whether /usr/bin/gcc accepts -g
configure:3088: /usr/bin/gcc -c -g  conftest.c >&5
configure:3088: $? = 0
configure:3129: result: yes
configure:3146: checking for /usr/bin/gcc option to accept ISO C89
configure:3209: /usr/bin/gcc  -c -g3 -gdwarf-2  conftest.c >&5
configure:3209: $? = 0
configure:3222: result: none needed
configure:3259: error: cannot find install-sh, install.sh, or shtool in "." "./.." "./../.."

## ---------------- ##
## Cache variables. ##
## ---------------- ##

ac_cv_c_compiler_gnu=yes
ac_cv_cxx_compiler_gnu=yes
ac_cv_env_CCC_set=
ac_cv_env_CCC_value=
ac_cv_env_CC_set=set
ac_cv_env_CC_value=/usr/bin/gcc
ac_cv_env_CFLAGS_set=set
ac_cv_env_CFLAGS_value='-g3 -gdwarf-2'
ac_cv_env_CPPFLAGS_set=
ac_cv_env_CPPFLAGS_value=
ac_cv_env_CPP_set=
ac_cv_env_CPP_value=
ac_cv_env_CXXFLAGS_set=set
ac_cv_env_CXXFLAGS_value='-g3 -gdwarf-2'
ac_cv_env_CXX_set=set
ac_cv_env_CXX_value=/usr/bin/g++
ac_cv_env_LDFLAGS_set=
ac_cv_env_LDFLAGS_value=
ac_cv_env_LIBS_set=
ac_cv_env_LIBS_value=
ac_cv_env_build_alias_set=
ac_cv_env_build_alias_value=
ac_cv_env_host_alias_set=
ac_cv_env_host_alias_value=
ac_cv_env_target_alias_set=
ac_cv_env_target_alias_value=
ac_cv_objext=o
ac_cv_prog_ac_ct_CC=/usr/bin/gcc
ac_cv_prog_cc_c89=
ac_cv_prog_cc_g=yes
ac_cv_prog_cxx_g=yes

## ----------------- ##
## Output variables. ##
## ----------------- ##

CC='/usr/bin/gcc'
CFLAGS='-g3 -gdwarf-2'
CPP=''
CPPFLAGS=''
CXX='/usr/bin/g++'
CXXFLAGS='-g3 -gdwarf-2'
DEFS=''
ECHO_C=''
ECHO_N='-n'
ECHO_T=''
EGREP=''
EXEEXT=''
GREP=''
INSTALL_DATA=''
INSTALL_PROGRAM=''
INSTALL_SCRIPT=''
LDFLAGS=''
LIBOBJS=''
LIBS=''
LTLIBOBJS=''
OBJEXT='o'
PACKAGE_BUGREPORT='BUG-REPORT-ADDRESS'
PACKAGE_NAME='FULL-PACKAGE-NAME'
PACKAGE_STRING='FULL-PACKAGE-NAME VERSION'
PACKAGE_TARNAME='full-package-name'
PACKAGE_URL=''
PACKAGE_VERSION='VERSION'
PATH_SEPARATOR=':'
SET_MAKE=''
SHELL='/bin/sh'
ac_ct_CC='/usr/bin/gcc'
ac_ct_CXX=''
bindir='${exec_prefix}/bin'
build_alias=''
datadir='${datarootdir}'
datarootdir='${prefix}/share'
docdir='${datarootdir}/doc/${PACKAGE_TARNAME}'
dvidir='${docdir}'
exec_prefix='NONE'
host_alias=''
htmldir='${docdir}'
includedir='${prefix}/include'
infodir='${datarootdir}/info'
libdir='${exec_prefix}/lib'
libexecdir='${exec_prefix}/libexec'
localedir='${datarootdir}/locale'
localstatedir='${prefix}/var'
mandir='${datarootdir}/man'
oldincludedir='/usr/include'
pdfdir='${docdir}'
prefix='NONE'
program_transform_name='s,x,x,'
psdir='${docdir}'
sbindir='${exec_prefix}/sbin'
sharedstatedir='${prefix}/com'
sysconfdir='${prefix}/etc'
target_alias=''

## ----------- ##
## confdefs.h. ##
## ----------- ##

/* confdefs.h */
#define PACKAGE_NAME "FULL-PACKAGE-NAME"
#define PACKAGE_TARNAME "full-package-name"
#define PACKAGE_VERSION "VERSION"
#define PACKAGE_STRING "FULL-PACKAGE-NAME VERSION"
#define PACKAGE_BUGREPORT "BUG-REPORT-ADDRESS"
#define PACKAGE_URL ""

configure: exit 1
